<?xml version="1.0" encoding="UTF-8"?>
<!-- Generated by org.testng.reporters.JUnitXMLReporter -->
<testsuite hostname="DESKTOP-SFS223H" name="AutomationPractice Regression Test" tests="6" failures="1" timestamp="1 Oct 2019 15:12:58 GMT" time="84.039" errors="0">
  <testcase name="MyStoreHomePageTitleTest" time="0.06" classname="com.automationpractice.qa.tests.MyStoreHomePageTest"/>
  <testcase name="verifyLogoTest" time="0.131" classname="com.automationpractice.qa.tests.MyStoreHomePageTest"/>
  <testcase name="clickOnContactUsTest" time="1.19" classname="com.automationpractice.qa.tests.MyStoreHomePageTest"/>
  <testcase name="sendMessageTest" time="4.063" classname="com.automationpractice.qa.tests.ContactUsPageTest"/>
  <testcase name="CreateAccountPageTitleTest" time="2.05" classname="com.automationpractice.qa.tests.CreateAccountPageTest"/>
  <testcase name="createAccountTest" time="2.69" classname="com.automationpractice.qa.tests.CreateAccountPageTest">
    <failure type="java.lang.AssertionError" message="Account is not created - An account using this email address has already been registered. Please enter a valid password or request a new one. expected [Account Successfully Created] but found [An account using this email address has already been registered. Please enter a valid password or request a new one.]">
      <![CDATA[java.lang.AssertionError: Account is not created - An account using this email address has already been registered. Please enter a valid password or request a new one. expected [Account Successfully Created] but found [An account using this email address has already been registered. Please enter a valid password or request a new one.]
	at com.automationpractice.qa.tests.CreateAccountPageTest.createAccountTest(CreateAccountPageTest.java:44)
... Removed 29 stack frames]]>
    </failure>
  </testcase> <!-- createAccountTest -->
</testsuite> <!-- AutomationPractice Regression Test -->
