<?xml version="1.0" encoding="UTF-8"?>
<!-- Generated by org.testng.reporters.JUnitXMLReporter -->
<testsuite hostname="DESKTOP-SFS223H" name="Default test" tests="10" failures="0" timestamp="13 Oct 2019 16:04:52 GMT" time="81.49" errors="0">
  <testcase name="HerokuAppHomePageTitleTest" time="0.027" classname="com.herokuapp.qa.tests.HerokuAppHomePageTest"/>
  <testcase name="HerokuAppHomePageHeaderTest" time="0.158" classname="com.herokuapp.qa.tests.HerokuAppHomePageTest"/>
  <testcase name="verifyButtonVisibleTest" time="0.144" classname="com.herokuapp.qa.tests.HerokuAppHomePageTest"/>
  <testcase name="verifyTableHeaderValuesTest" time="0.066" classname="com.herokuapp.qa.tests.HerokuAppHomePageTest"/>
  <testcase name="verifyButton1ColorTest" time="0.356" classname="com.herokuapp.qa.tests.HerokuAppHomePageTest"/>
  <testcase name="clickButtonOneTest" time="0.504" classname="com.herokuapp.qa.tests.HerokuAppHomePageTest"/>
  <testcase name="clickButtonTwoTest" time="0.579" classname="com.herokuapp.qa.tests.HerokuAppHomePageTest"/>
  <testcase name="clickButtonThreeTest" time="0.607" classname="com.herokuapp.qa.tests.HerokuAppHomePageTest"/>
  <testcase name="verifyResultTest" time="0.14" classname="com.herokuapp.qa.tests.HerokuAppHomePageTest"/>
  <testcase name="verifyRowsAndColumns" time="0.047" classname="com.herokuapp.qa.tests.HerokuAppHomePageTest"/>
</testsuite> <!-- Default test -->
