<?xml version="1.0" encoding="UTF-8"?>
<!-- Generated by org.testng.reporters.JUnitXMLReporter -->
<testsuite hostname="DESKTOP-SFS223H" name="The Internet herokuapp Regression Test" tests="10" failures="0" timestamp="13 Oct 2019 16:10:02 GMT" time="74.619" errors="0">
  <testcase name="HerokuAppHomePageTitleTest" time="0.023" classname="com.herokuapp.qa.tests.HerokuAppHomePageTest"/>
  <testcase name="HerokuAppHomePageHeaderTest" time="0.161" classname="com.herokuapp.qa.tests.HerokuAppHomePageTest"/>
  <testcase name="verifyButtonVisibleTest" time="0.128" classname="com.herokuapp.qa.tests.HerokuAppHomePageTest"/>
  <testcase name="verifyTableHeaderValuesTest" time="0.036" classname="com.herokuapp.qa.tests.HerokuAppHomePageTest"/>
  <testcase name="verifyButton1ColorTest" time="0.368" classname="com.herokuapp.qa.tests.HerokuAppHomePageTest"/>
  <testcase name="clickButtonOneTest" time="0.831" classname="com.herokuapp.qa.tests.HerokuAppHomePageTest"/>
  <testcase name="clickButtonTwoTest" time="0.975" classname="com.herokuapp.qa.tests.HerokuAppHomePageTest"/>
  <testcase name="clickButtonThreeTest" time="0.538" classname="com.herokuapp.qa.tests.HerokuAppHomePageTest"/>
  <testcase name="verifyResultTest" time="0.152" classname="com.herokuapp.qa.tests.HerokuAppHomePageTest"/>
  <testcase name="verifyRowsAndColumns" time="0.045" classname="com.herokuapp.qa.tests.HerokuAppHomePageTest"/>
</testsuite> <!-- The Internet herokuapp Regression Test -->
